
INFERNAL-PORTHO	Tue Oct 08 11:07:31 2019
	Shutting down the server with 1 active connection(s) to 1 database(s), 0 active service(s)


INFERNAL-PORTHO	Tue Oct 08 11:08:20 2019
	Shutting down the server with 1 active connection(s) to 1 database(s), 0 active service(s)


INFERNAL-PORTHO	Tue Oct 08 11:10:14 2019
	Shutting down the server with 1 active connection(s) to 1 database(s), 0 active service(s)


INFERNAL-PORTHO	Tue Oct 08 11:13:27 2019
	Shutting down the server with 1 active connection(s) to 1 database(s), 0 active service(s)


INFERNAL-PORTHO	Tue Oct 08 11:14:13 2019
	Shutting down the server with 1 active connection(s) to 1 database(s), 0 active service(s)


INFERNAL-PORTHO	Tue Oct 08 11:24:45 2019
	Shutting down the server with 1 active connection(s) to 1 database(s), 0 active service(s)


INFERNAL-PORTHO	Tue Oct 08 11:40:52 2019
	Shutting down the server with 1 active connection(s) to 1 database(s), 0 active service(s)


INFERNAL-PORTHO	Tue Oct 08 11:42:12 2019
	Shutting down the server with 1 active connection(s) to 1 database(s), 0 active service(s)


INFERNAL-PORTHO	Wed Oct 09 20:10:22 2019
	Shutting down the server with 1 active connection(s) to 1 database(s), 0 active service(s)


INFERNAL-PORTHO	Sat Oct 12 22:41:53 2019
	Shutting down the server with 1 active connection(s) to 1 database(s), 0 active service(s)


INFERNAL-PORTHO	Sat Oct 12 22:47:03 2019
	Shutting down the server with 1 active connection(s) to 1 database(s), 0 active service(s)


INFERNAL-PORTHO	Fri Oct 25 20:42:11 2019
	Shutting down the server with 1 active connection(s) to 1 database(s), 0 active service(s)


INFERNAL-PORTHO	Fri Oct 25 21:45:23 2019
	Shutting down the server with 1 active connection(s) to 1 database(s), 0 active service(s)


INFERNAL-PORTHO	Fri Oct 25 21:49:38 2019
	Shutting down the server with 1 active connection(s) to 1 database(s), 0 active service(s)


INFERNAL-PORTHO	Fri Oct 25 22:19:04 2019
	Shutting down the server with 1 active connection(s) to 1 database(s), 0 active service(s)


INFERNAL-PORTHO	Mon Oct 28 12:44:32 2019
	Shutting down the server with 1 active connection(s) to 1 database(s), 0 active service(s)


INFERNAL-PORTHO	Mon Oct 28 12:46:40 2019
	Shutting down the server with 1 active connection(s) to 1 database(s), 0 active service(s)


INFERNAL-PORTHO	Mon Oct 28 13:31:05 2019
	Shutting down the server with 1 active connection(s) to 1 database(s), 0 active service(s)


INFERNAL-PORTHO	Wed Oct 30 21:25:08 2019
	Shutting down the server with 1 active connection(s) to 1 database(s), 0 active service(s)


INFERNAL-PORTHO	Wed Oct 30 21:25:49 2019
	Shutting down the server with 1 active connection(s) to 1 database(s), 0 active service(s)


INFERNAL-PORTHO	Wed Oct 30 21:28:04 2019
	Shutting down the server with 1 active connection(s) to 1 database(s), 0 active service(s)


INFERNAL-PORTHO	Thu Oct 31 21:08:46 2019
	Shutting down the server with 1 active connection(s) to 1 database(s), 0 active service(s)


INFERNAL-PORTHO	Thu Oct 31 22:03:42 2019
	Shutting down the server with 1 active connection(s) to 1 database(s), 0 active service(s)


INFERNAL-PORTHO	Sat Nov 02 21:42:17 2019
	Shutting down the server with 1 active connection(s) to 1 database(s), 0 active service(s)

